Log file: logs/chain/chain_20260311_214755.log
Using .venv
=== Chain run started at Wed Mar 11 21:47:55 CDT 2026 ===
=== Working directory: /scratch/nalint2/RSC-LSI-Convergance ===
=== Python ===
Python 3.9.21
=== PyTorch / GPU ===
PyTorch: 2.8.0+cu128
CUDA available: True
Device: NVIDIA A10

==============================================
Command: python3 scripts/run_single_chain.py --arch small_resnet_ln --num-blocks 2 --width 1 --n_train 512 --alpha 0.1 --h 1e-7 --T 200000 --B 10000 --S 500 --log-every 100 --bn-mode eval --chain 3 --pretrain-path experiments/checkpoints/pretrain_small_resnet_ln_w1_n512.pt
==============================================
chain 3 step 10000/200000 (5.0%) U=203.3 ||∇U||=1098.6 ||θ||=35 f_nll=142.446
chain 3 step 20000/200000 (10.0%) U=269.8 ||∇U||=887.2 ||θ||=39 f_nll=194.520
chain 3 step 30000/200000 (15.0%) U=324.3 ||∇U||=1071.3 ||θ||=43 f_nll=232.866
chain 3 step 40000/200000 (20.0%) U=391.8 ||∇U||=1252.4 ||θ||=46 f_nll=285.452
chain 3 step 50000/200000 (25.0%) U=436.7 ||∇U||=1362.3 ||θ||=49 f_nll=314.962
chain 3 step 60000/200000 (30.0%) U=497.4 ||∇U||=1143.3 ||θ||=52 f_nll=361.789
chain 3 step 70000/200000 (35.0%) U=522.5 ||∇U||=913.8 ||θ||=55 f_nll=370.943
chain 3 step 80000/200000 (40.0%) U=561.7 ||∇U||=966.0 ||θ||=58 f_nll=395.501
chain 3 step 90000/200000 (45.0%) U=611.4 ||∇U||=1318.9 ||θ||=60 f_nll=429.134
chain 3 step 100000/200000 (50.0%) U=634.4 ||∇U||=956.4 ||θ||=63 f_nll=436.672
chain 3 step 110000/200000 (55.0%) U=675.9 ||∇U||=952.9 ||θ||=65 f_nll=464.274
chain 3 step 120000/200000 (60.0%) U=692.3 ||∇U||=922.9 ||θ||=67 f_nll=464.847
chain 3 step 130000/200000 (65.0%) U=718.3 ||∇U||=1027.9 ||θ||=70 f_nll=477.553
chain 3 step 140000/200000 (70.0%) U=741.0 ||∇U||=940.9 ||θ||=72 f_nll=484.568
chain 3 step 150000/200000 (75.0%) U=775.0 ||∇U||=793.0 ||θ||=74 f_nll=504.174
chain 3 step 160000/200000 (80.0%) U=802.3 ||∇U||=742.8 ||θ||=76 f_nll=515.957
chain 3 step 170000/200000 (85.0%) U=823.4 ||∇U||=1337.5 ||θ||=78 f_nll=522.146
chain 3 step 180000/200000 (90.0%) U=841.6 ||∇U||=889.2 ||θ||=80 f_nll=524.490
chain 3 step 190000/200000 (95.0%) U=875.3 ||∇U||=953.3 ||θ||=82 f_nll=542.716
chain 3 step 200000/200000 (100.0%) U=904.0 ||∇U||=1136.9 ||θ||=83 f_nll=555.651
Done: experiments/runs/w1_n512_h1e-07_a0.1_chain3

=== Chain run finished at Thu Mar 12 02:19:49 CDT 2026 ===
Exit code: 0
SUCCESS: chain completed. See runs_dir for run_config.yaml, iter_metrics.jsonl, samples_metrics.npz.
