Log file: logs/chain/chain_20260311_214740.log
Using .venv
=== Chain run started at Wed Mar 11 21:47:40 CDT 2026 ===
=== Working directory: /scratch/nalint2/RSC-LSI-Convergance ===
=== Python ===
Python 3.9.21
=== PyTorch / GPU ===
PyTorch: 2.8.0+cu128
CUDA available: True
Device: NVIDIA A10

==============================================
Command: python3 scripts/run_single_chain.py --arch small_resnet_ln --num-blocks 2 --width 1 --n_train 512 --alpha 0.1 --h 1e-7 --T 200000 --B 10000 --S 500 --log-every 100 --bn-mode eval --chain 2 --pretrain-path experiments/checkpoints/pretrain_small_resnet_ln_w1_n512.pt
==============================================
chain 2 step 10000/200000 (5.0%) U=204.6 ||∇U||=849.2 ||θ||=35 f_nll=142.852
chain 2 step 20000/200000 (10.0%) U=264.3 ||∇U||=1039.7 ||θ||=39 f_nll=188.231
chain 2 step 30000/200000 (15.0%) U=322.7 ||∇U||=1335.0 ||θ||=43 f_nll=230.752
chain 2 step 40000/200000 (20.0%) U=395.8 ||∇U||=967.5 ||θ||=46 f_nll=289.160
chain 2 step 50000/200000 (25.0%) U=431.4 ||∇U||=985.5 ||θ||=49 f_nll=310.120
chain 2 step 60000/200000 (30.0%) U=487.7 ||∇U||=1185.4 ||θ||=52 f_nll=351.603
chain 2 step 70000/200000 (35.0%) U=523.3 ||∇U||=1292.0 ||θ||=55 f_nll=371.082
chain 2 step 80000/200000 (40.0%) U=574.7 ||∇U||=1334.9 ||θ||=58 f_nll=408.403
chain 2 step 90000/200000 (45.0%) U=600.6 ||∇U||=1214.5 ||θ||=60 f_nll=418.731
chain 2 step 100000/200000 (50.0%) U=623.9 ||∇U||=797.2 ||θ||=63 f_nll=427.288
chain 2 step 110000/200000 (55.0%) U=672.9 ||∇U||=768.6 ||θ||=65 f_nll=461.057
chain 2 step 120000/200000 (60.0%) U=695.6 ||∇U||=1118.4 ||θ||=67 f_nll=468.092
chain 2 step 130000/200000 (65.0%) U=718.4 ||∇U||=888.3 ||θ||=70 f_nll=476.580
chain 2 step 140000/200000 (70.0%) U=742.6 ||∇U||=1166.8 ||θ||=72 f_nll=486.086
chain 2 step 150000/200000 (75.0%) U=769.3 ||∇U||=763.5 ||θ||=74 f_nll=498.141
chain 2 step 160000/200000 (80.0%) U=802.8 ||∇U||=1258.2 ||θ||=76 f_nll=516.739
chain 2 step 170000/200000 (85.0%) U=812.0 ||∇U||=738.8 ||θ||=78 f_nll=510.100
chain 2 step 180000/200000 (90.0%) U=830.8 ||∇U||=932.4 ||θ||=80 f_nll=514.010
chain 2 step 190000/200000 (95.0%) U=861.8 ||∇U||=783.2 ||θ||=82 f_nll=529.195
chain 2 step 200000/200000 (100.0%) U=907.9 ||∇U||=1031.0 ||θ||=83 f_nll=559.028
Done: experiments/runs/w1_n512_h1e-07_a0.1_chain2

=== Chain run finished at Thu Mar 12 02:22:07 CDT 2026 ===
Exit code: 0
SUCCESS: chain completed. See runs_dir for run_config.yaml, iter_metrics.jsonl, samples_metrics.npz.
