Log file: logs/chain/chain_20260311_214725.log
Using .venv
=== Chain run started at Wed Mar 11 21:47:25 CDT 2026 ===
=== Working directory: /scratch/nalint2/RSC-LSI-Convergance ===
=== Python ===
Python 3.9.21
=== PyTorch / GPU ===
PyTorch: 2.8.0+cu128
CUDA available: True
Device: NVIDIA A10

==============================================
Command: python3 scripts/run_single_chain.py --arch small_resnet_ln --num-blocks 2 --width 1 --n_train 512 --alpha 0.1 --h 1e-7 --T 200000 --B 10000 --S 500 --log-every 100 --bn-mode eval --chain 1 --pretrain-path experiments/checkpoints/pretrain_small_resnet_ln_w1_n512.pt
==============================================
chain 1 step 10000/200000 (5.0%) U=196.8 ||∇U||=791.2 ||θ||=35 f_nll=135.343
chain 1 step 20000/200000 (10.0%) U=277.1 ||∇U||=1632.5 ||θ||=39 f_nll=200.130
chain 1 step 30000/200000 (15.0%) U=316.0 ||∇U||=942.5 ||θ||=43 f_nll=224.911
chain 1 step 40000/200000 (20.0%) U=381.2 ||∇U||=980.7 ||θ||=46 f_nll=275.524
chain 1 step 50000/200000 (25.0%) U=422.4 ||∇U||=870.1 ||θ||=49 f_nll=301.787
chain 1 step 60000/200000 (30.0%) U=485.3 ||∇U||=1367.8 ||θ||=52 f_nll=348.167
chain 1 step 70000/200000 (35.0%) U=537.6 ||∇U||=1223.2 ||θ||=55 f_nll=385.652
chain 1 step 80000/200000 (40.0%) U=561.6 ||∇U||=707.4 ||θ||=58 f_nll=395.629
chain 1 step 90000/200000 (45.0%) U=606.4 ||∇U||=1226.9 ||θ||=60 f_nll=424.852
chain 1 step 100000/200000 (50.0%) U=631.5 ||∇U||=1109.9 ||θ||=63 f_nll=434.251
chain 1 step 110000/200000 (55.0%) U=673.4 ||∇U||=976.0 ||θ||=65 f_nll=462.398
chain 1 step 120000/200000 (60.0%) U=699.8 ||∇U||=1064.6 ||θ||=67 f_nll=473.016
chain 1 step 130000/200000 (65.0%) U=723.1 ||∇U||=990.9 ||θ||=70 f_nll=481.375
chain 1 step 140000/200000 (70.0%) U=736.9 ||∇U||=633.5 ||θ||=72 f_nll=480.957
chain 1 step 150000/200000 (75.0%) U=774.5 ||∇U||=920.2 ||θ||=74 f_nll=504.264
chain 1 step 160000/200000 (80.0%) U=807.9 ||∇U||=887.1 ||θ||=76 f_nll=521.007
chain 1 step 170000/200000 (85.0%) U=826.9 ||∇U||=958.0 ||θ||=78 f_nll=525.245
chain 1 step 180000/200000 (90.0%) U=833.3 ||∇U||=1011.9 ||θ||=80 f_nll=516.563
chain 1 step 190000/200000 (95.0%) U=869.7 ||∇U||=727.4 ||θ||=82 f_nll=536.836
chain 1 step 200000/200000 (100.0%) U=905.4 ||∇U||=994.6 ||θ||=83 f_nll=557.753
Done: experiments/runs/w1_n512_h1e-07_a0.1_chain1

=== Chain run finished at Thu Mar 12 02:21:00 CDT 2026 ===
Exit code: 0
SUCCESS: chain completed. See runs_dir for run_config.yaml, iter_metrics.jsonl, samples_metrics.npz.
