=== Job started at Mon Feb 16 21:16:50 CST 2026 ===
=== Job ID: 7129929 ===
=== Parameters: width=1 h=1e-5 chain=0 n_train=512 ===
=== Working directory: /scratch/nalint2/RSC-LSI-Convergance ===
=== GPU Information ===
Mon Feb 16 21:16:50 2026       
+-----------------------------------------------------------------------------------------+
| NVIDIA-SMI 580.105.08             Driver Version: 580.105.08     CUDA Version: 13.0     |
+-----------------------------------------+------------------------+----------------------+
| GPU  Name                 Persistence-M | Bus-Id          Disp.A | Volatile Uncorr. ECC |
| Fan  Temp   Perf          Pwr:Usage/Cap |           Memory-Usage | GPU-Util  Compute M. |
|                                         |                        |               MIG M. |
|=========================================+========================+======================|
|   0  NVIDIA A10                     On  |   00000000:C7:00.0 Off |                    0 |
|  0%   47C    P8             16W /  150W |       0MiB /  23028MiB |      0%      Default |
|                                         |                        |                  N/A |
+-----------------------------------------+------------------------+----------------------+

+-----------------------------------------------------------------------------------------+
| Processes:                                                                              |
|  GPU   GI   CI              PID   Type   Process name                        GPU Memory |
|        ID   ID                                                               Usage      |
|=========================================================================================|
|  No running processes found                                                             |
+-----------------------------------------------------------------------------------------+
=== Memory Information ===
               total        used        free      shared  buff/cache   available
Mem:           503Gi        49Gi       428Gi        25Gi        53Gi       453Gi
Swap:             0B          0B          0B
=== Python Version ===
Python 3.9.21
=== Setting up environment ===
=== Installing dependencies ===
=== Verifying PyTorch and GPU ===
PyTorch: 2.8.0+cu128
CUDA available: True
Device: NVIDIA A10
=== Starting ULA chain ===
chain 0 step 10000/200000 (5.0%) U=11675.2 ||∇U||=1355.9 ||θ||=1496 f_nll=3.853
chain 0 step 20000/200000 (10.0%) U=22676.6 ||∇U||=1174.7 ||θ||=2115 f_nll=4.839
chain 0 step 30000/200000 (15.0%) U=33803.1 ||∇U||=1178.1 ||θ||=2590 f_nll=6.440
chain 0 step 40000/200000 (20.0%) U=44937.4 ||∇U||=1063.5 ||θ||=2991 f_nll=6.923
chain 0 step 50000/200000 (25.0%) U=56047.9 ||∇U||=958.7 ||θ||=3343 f_nll=8.120
chain 0 step 60000/200000 (30.0%) U=67225.7 ||∇U||=1140.0 ||θ||=3662 f_nll=10.356
chain 0 step 70000/200000 (35.0%) U=78326.4 ||∇U||=838.0 ||θ||=3955 f_nll=11.115
chain 0 step 80000/200000 (40.0%) U=89548.9 ||∇U||=983.3 ||θ||=4229 f_nll=12.357
chain 0 step 90000/200000 (45.0%) U=100770.2 ||∇U||=1047.4 ||θ||=4487 f_nll=12.921
chain 0 step 100000/200000 (50.0%) U=111919.9 ||∇U||=903.0 ||θ||=4729 f_nll=13.793
chain 0 step 110000/200000 (55.0%) U=123087.7 ||∇U||=897.1 ||θ||=4960 f_nll=16.728
chain 0 step 120000/200000 (60.0%) U=134311.3 ||∇U||=1022.1 ||θ||=5181 f_nll=16.967
chain 0 step 130000/200000 (65.0%) U=145548.1 ||∇U||=1350.4 ||θ||=5393 f_nll=18.519
chain 0 step 140000/200000 (70.0%) U=156665.2 ||∇U||=1225.8 ||θ||=5596 f_nll=19.822
chain 0 step 150000/200000 (75.0%) U=167755.5 ||∇U||=861.4 ||θ||=5791 f_nll=20.544
chain 0 step 160000/200000 (80.0%) U=179007.6 ||∇U||=1128.8 ||θ||=5982 f_nll=23.266
chain 0 step 170000/200000 (85.0%) U=190139.8 ||∇U||=919.3 ||θ||=6166 f_nll=22.864
chain 0 step 180000/200000 (90.0%) U=201305.8 ||∇U||=838.3 ||θ||=6344 f_nll=26.125
chain 0 step 190000/200000 (95.0%) U=212447.3 ||∇U||=1002.5 ||θ||=6518 f_nll=24.507
chain 0 step 200000/200000 (100.0%) U=223616.6 ||∇U||=993.7 ||θ||=6687 f_nll=24.580
Done: experiments/runs/w1_n512_h1e-05_chain0
=== Chain completed successfully at Tue Feb 17 04:29:25 CST 2026 ===
Output: experiments/runs/w1_n512_h1e-5_chain0/
