=== Job started at Mon Feb 16 20:32:56 CST 2026 ===
=== Job ID: 7129351 ===
=== Parameters: width=1 h=1e-5 chain=0 n_train=1024 ===
=== Working directory: /scratch/nalint2/RSC-LSI-Convergance ===
=== GPU Information ===
Mon Feb 16 20:32:56 2026       
+-----------------------------------------------------------------------------------------+
| NVIDIA-SMI 580.105.08             Driver Version: 580.105.08     CUDA Version: 13.0     |
+-----------------------------------------+------------------------+----------------------+
| GPU  Name                 Persistence-M | Bus-Id          Disp.A | Volatile Uncorr. ECC |
| Fan  Temp   Perf          Pwr:Usage/Cap |           Memory-Usage | GPU-Util  Compute M. |
|                                         |                        |               MIG M. |
|=========================================+========================+======================|
|   0  NVIDIA A10                     On  |   00000000:C7:00.0 Off |                    0 |
|  0%   31C    P8             15W /  150W |       0MiB /  23028MiB |      0%      Default |
|                                         |                        |                  N/A |
+-----------------------------------------+------------------------+----------------------+

+-----------------------------------------------------------------------------------------+
| Processes:                                                                              |
|  GPU   GI   CI              PID   Type   Process name                        GPU Memory |
|        ID   ID                                                               Usage      |
|=========================================================================================|
|  No running processes found                                                             |
+-----------------------------------------------------------------------------------------+
=== Memory Information ===
               total        used        free      shared  buff/cache   available
Mem:           503Gi        42Gi       439Gi        25Gi        50Gi       461Gi
Swap:             0B          0B          0B
=== Python Version ===
Python 3.9.21
=== Setting up environment ===
=== Installing dependencies ===
=== Verifying PyTorch and GPU ===
PyTorch: 2.8.0+cu128
CUDA available: True
Device: NVIDIA A10
=== Starting ULA chain ===
